[debug] [2022-12-13T17:30:55.997Z] ----------------------------------------------------------------------
[debug] [2022-12-13T17:30:55.998Z] Command:       C:\Program Files\nodejs\node.exe C:\Users\Umair\AppData\Roaming\npm\node_modules\firebase-tools\lib\bin\firebase.js deploy
[debug] [2022-12-13T17:30:55.999Z] CLI Version:   11.18.0
[debug] [2022-12-13T17:30:55.999Z] Platform:      win32
[debug] [2022-12-13T17:30:55.999Z] Node Version:  v16.17.0
[debug] [2022-12-13T17:30:56.000Z] Time:          Tue Dec 13 2022 22:30:55 GMT+0500 (Pakistan Standard Time)
[debug] [2022-12-13T17:30:56.000Z] ----------------------------------------------------------------------
[debug] 
[debug] [2022-12-13T17:30:56.067Z] > command requires scopes: ["email","openid","https://www.googleapis.com/auth/cloudplatformprojects.readonly","https://www.googleapis.com/auth/firebase","https://www.googleapis.com/auth/cloud-platform"]
[debug] [2022-12-13T17:30:56.067Z] > authorizing via signed-in user (ds.dev.umair@gmail.com)
[debug] [2022-12-13T17:30:56.068Z] [iam] checking project pendesign-a2916 for permissions ["firebase.projects.get","firebasehosting.sites.update"]
[debug] [2022-12-13T17:30:56.070Z] >>> [apiv2][query] POST https://cloudresourcemanager.googleapis.com/v1/projects/pendesign-a2916:testIamPermissions [none]
[debug] [2022-12-13T17:30:56.070Z] >>> [apiv2][(partial)header] POST https://cloudresourcemanager.googleapis.com/v1/projects/pendesign-a2916:testIamPermissions x-goog-quota-user=projects/pendesign-a2916
[debug] [2022-12-13T17:30:56.070Z] >>> [apiv2][body] POST https://cloudresourcemanager.googleapis.com/v1/projects/pendesign-a2916:testIamPermissions {"permissions":["firebase.projects.get","firebasehosting.sites.update"]}
[debug] [2022-12-13T17:30:57.984Z] <<< [apiv2][status] POST https://cloudresourcemanager.googleapis.com/v1/projects/pendesign-a2916:testIamPermissions 200
[debug] [2022-12-13T17:30:57.984Z] <<< [apiv2][body] POST https://cloudresourcemanager.googleapis.com/v1/projects/pendesign-a2916:testIamPermissions {}
[debug] [2022-12-13T17:30:57.985Z] [iam] error while checking permissions, command may fail: FirebaseError: Authorization failed. This account is missing the following required permissions on project pendesign-a2916:

  firebase.projects.get
  firebasehosting.sites.update
[debug] [2022-12-13T17:30:57.986Z] >>> [apiv2][query] GET https://firebase.googleapis.com/v1beta1/projects/pendesign-a2916 [none]
[debug] [2022-12-13T17:30:58.786Z] <<< [apiv2][status] GET https://firebase.googleapis.com/v1beta1/projects/pendesign-a2916 403
[debug] [2022-12-13T17:30:58.786Z] <<< [apiv2][body] GET https://firebase.googleapis.com/v1beta1/projects/pendesign-a2916 {"error":{"code":403,"message":"The caller does not have permission","status":"PERMISSION_DENIED"}}
[debug] [2022-12-13T17:30:58.787Z] HTTP Error: 403, The caller does not have permission
[debug] [2022-12-13T17:30:59.429Z] FirebaseError: HTTP Error: 403, The caller does not have permission
    at responseToError (C:\Users\Umair\AppData\Roaming\npm\node_modules\firebase-tools\lib\responseToError.js:49:12)
    at RetryOperation._fn (C:\Users\Umair\AppData\Roaming\npm\node_modules\firebase-tools\lib\apiv2.js:288:77)
    at processTicksAndRejections (node:internal/process/task_queues:96:5)
[error] 
[error] Error: Failed to get Firebase project pendesign-a2916. Please make sure the project exists and your account has permission to access it.
